2025-07-04 13:51:45 DEBUG upquack::monitor Starting monitoring task for 2 domains
2025-07-04 13:51:45 DEBUG upquack::monitor Monitoring task started for URL: https://google.com (ID: 80613eed-ed13-4417-8ced-ef383a64a29f) with interval: 60s
2025-07-04 13:51:45 DEBUG reqwest::connect starting new connection: https://google.com/
2025-07-04 13:51:45 DEBUG upquack::monitor Monitoring task started for URL: https://ibm.com (ID: 6f8e6864-92ed-4b1e-bca1-c769f2cd7044) with interval: 60s
2025-07-04 13:51:45 DEBUG reqwest::connect starting new connection: https://ibm.com/
2025-07-04 13:51:45 ERROR upquack::monitor Error checking https://ibm.com: error sending request
2025-07-04 13:51:45 ERROR upquack::monitor Error checking https://google.com: error sending request
2025-07-04 13:51:51 DEBUG upquack::ui::history_table 0
2025-07-04 13:51:51 DEBUG upquack::ui::history_table 1
2025-07-04 13:51:51 DEBUG upquack::ui::history_table 2
2025-07-04 13:51:52 DEBUG upquack::ui::history_table 3
ogle.com/
2025-07-04 13:49:17 ERROR upquack::monitor Error checking https://google.com: error sending request
2025-07-04 13:49:17 ERROR upquack::monitor Error checking https://ibm.com: error sending request
2025-07-04 13:49:20 DEBUG upquack::monitor Starting monitoring task for 2 domains
2025-07-04 13:49:20 DEBUG upquack::monitor Monitoring task started for URL: https://google.com (ID: 80613eed-ed13-4417-8ced-ef383a64a29f) with interval: 60s
2025-07-04 13:49:20 DEBUG upquack::monitor Monitoring task started for URL: https://ibm.com (ID: 6f8e6864-92ed-4b1e-bca1-c769f2cd7044) with interval: 60s
2025-07-04 13:49:20 DEBUG reqwest::connect starting new connection: https://ibm.com/
2025-07-04 13:49:20 ERROR upquack::monitor Error checking https://ibm.com: error sending request
2025-07-04 13:49:20 DEBUG reqwest::connect starting new connection: https://google.com/
2025-07-04 13:49:20 ERROR upquack::monitor Error checking https://google.com: error sending request
2025-07-04 13:49:29 DEBUG upquack::monitor Starting monitoring task for 2 domains
2025-07-04 13:49:29 DEBUG upquack::monitor Monitoring task started for URL: https://google.com (ID: 80613eed-ed13-4417-8ced-ef383a64a29f) with interval: 60s
2025-07-04 13:49:29 DEBUG reqwest::connect starting new connection: https://google.com/
2025-07-04 13:49:29 DEBUG upquack::monitor Monitoring task started for URL: https://ibm.com (ID: 6f8e6864-92ed-4b1e-bca1-c769f2cd7044) with interval: 60s
2025-07-04 13:49:29 DEBUG reqwest::connect starting new connection: https://ibm.com/
2025-07-04 13:49:29 ERROR upquack::monitor Error checking https://google.com: error sending request
2025-07-04 13:49:29 ERROR upquack::monitor Error checking https://ibm.com: error sending request
2025-07-04 13:49:33 DEBUG upquack::ui::history_table 17
2025-07-04 13:49:33 DEBUG upquack::ui::history_table 0
2025-07-04 13:49:34 DEBUG upquack::ui::history_table 1
2025-07-04 13:49:39 DEBUG upquack::ui::history_table 3
2025-07-04 13:49:39 DEBUG upquack::ui::history_table 4
